<?xml version="1.0" encoding="UTF-8"?>
<!-- Generated by org.testng.reporters.JUnitReportReporter -->
<testsuite hostname="DESKTOP-S2R2BFT" failures="0" tests="1" name="coverFox_Test.CF_TC555_Validate_search_results_for_healthcare_policies" time="43.760" errors="0" timestamp="2024-01-19T16:50:52 IST" skipped="0">
  <testcase classname="coverFox_Test.CF_TC555_Validate_search_results_for_healthcare_policies" name="validateTestPlansFromTextAndBanners" time="43.760"/>
  <system-out>
    <![CDATA[Launch Browser
Read data from excel sheet method
Read data from excel sheet method
Read data from excel sheet method
Close CoverFox Browser]]>
  </system-out>
</testsuite> <!-- coverFox_Test.CF_TC555_Validate_search_results_for_healthcare_policies -->
